<?xml version="1.0" encoding="UTF-8"?>
<!-- Generated by org.testng.reporters.JUnitReportReporter -->
<testsuite hostname="hylcapital5298" failures="0" tests="1" name="com.qa.testscript.Testcase_01" time="19.654" errors="0" timestamp="2023-12-07T11:27:13 IST" skipped="0">
  <testcase classname="com.qa.testscript.Testcase_01" name="case1" time="19.654"/>
</testsuite> <!-- com.qa.testscript.Testcase_01 -->
